09-25 22:03:19 method: DA
09-25 22:03:19 model_name: cnn_features_1d
09-25 22:03:19 data_name: multi_CWRU
09-25 22:03:19 data_dir: D:\Data\西储大学轴承数据中心网站
09-25 22:03:19 transfer_task: [[0, 1], [3]]
09-25 22:03:19 normlizetype: mean-std
09-25 22:03:19 cuda_device: 0
09-25 22:03:19 checkpoint_dir: .\checkpoint
09-25 22:03:19 pretrained: False
09-25 22:03:19 batch_size: 64
09-25 22:03:19 num_workers: 0
09-25 22:03:19 bottleneck: True
09-25 22:03:19 bottleneck_num: 256
09-25 22:03:19 last_batch: False
09-25 22:03:19 distance_metric: False
09-25 22:03:19 distance_loss: MK-MMD
09-25 22:03:19 trade_off_distance: Step
09-25 22:03:19 lam_distance: 1
09-25 22:03:19 domain_adversarial: False
09-25 22:03:19 adversarial_loss: CDA+E
09-25 22:03:19 hidden_size: 1024
09-25 22:03:19 trade_off_adversarial: Step
09-25 22:03:19 lam_adversarial: 1
09-25 22:03:19 opt: adam
09-25 22:03:19 lr: 0.001
09-25 22:03:19 momentum: 0.9
09-25 22:03:19 weight_decay: 1e-05
09-25 22:03:19 lr_scheduler: step
09-25 22:03:19 gamma: 0.1
09-25 22:03:19 steps: 150, 250
09-25 22:03:19 middle_epoch: 50
09-25 22:03:19 max_epoch: 1
09-25 22:03:19 print_step: 50
09-25 22:03:19 using 1 cpu
09-25 22:03:19 -----Epoch 0/0-----
09-25 22:03:19 current lr: [0.001, 0.001, 0.001]
09-25 22:03:20 Epoch: 0 [0/2275], Train Loss: 2.4171 Train Acc: 0.1719,246.8 examples/sec 0.26 sec/batch
09-25 22:03:27 Epoch: 0 source_train-Loss: 1.6432 source_train-Acc: 0.4062, Cost 8.1 sec
09-25 22:03:28 Epoch: 0 source_val-Loss: 1.0812 source_val-Acc: 0.6186, Cost 0.7 sec
09-25 22:03:28 Epoch: 0 target_val-Loss: 1.2613 target_val-Acc: 0.5566, Cost 0.4 sec
