09-25 21:52:02 method: DA
09-25 21:52:02 model_name: cnn_features_1d
09-25 21:52:02 data_name: multi_CWRU
09-25 21:52:02 data_dir: D:\Data\西储大学轴承数据中心网站
09-25 21:52:02 transfer_task: [[0, 1], [3]]
09-25 21:52:02 normlizetype: mean-std
09-25 21:52:02 cuda_device: 0
09-25 21:52:02 checkpoint_dir: .\checkpoint
09-25 21:52:02 pretrained: False
09-25 21:52:02 batch_size: 64
09-25 21:52:02 num_workers: 0
09-25 21:52:02 bottleneck: True
09-25 21:52:02 bottleneck_num: 256
09-25 21:52:02 last_batch: False
09-25 21:52:02 distance_metric: False
09-25 21:52:02 distance_loss: MK-MMD
09-25 21:52:02 trade_off_distance: Step
09-25 21:52:02 lam_distance: 1
09-25 21:52:02 domain_adversarial: False
09-25 21:52:02 adversarial_loss: CDA+E
09-25 21:52:02 hidden_size: 1024
09-25 21:52:02 trade_off_adversarial: Step
09-25 21:52:02 lam_adversarial: 1
09-25 21:52:02 opt: adam
09-25 21:52:02 lr: 0.001
09-25 21:52:02 momentum: 0.9
09-25 21:52:02 weight_decay: 1e-05
09-25 21:52:02 lr_scheduler: step
09-25 21:52:02 gamma: 0.1
09-25 21:52:02 steps: 150, 250
09-25 21:52:02 middle_epoch: 50
09-25 21:52:02 max_epoch: 20
09-25 21:52:02 print_step: 50
09-25 21:52:02 using 1 cpu
09-25 21:52:02 -----Epoch 0/19-----
09-25 21:52:02 current lr: [0.001, 0.001, 0.001]
09-25 21:52:02 Epoch: 0 [0/2275], Train Loss: 2.4601 Train Acc: 0.0781,239.5 examples/sec 0.27 sec/batch
09-25 21:52:10 Epoch: 0 source_train-Loss: 1.6302 source_train-Acc: 0.3916, Cost 8.2 sec
09-25 21:52:11 Epoch: 0 source_val-Loss: 1.0152 source_val-Acc: 0.7381, Cost 0.7 sec
09-25 21:52:11 Epoch: 0 target_val-Loss: 1.0466 target_val-Acc: 0.6861, Cost 0.4 sec
09-25 21:52:11 -----Epoch 1/19-----
09-25 21:52:11 current lr: [0.001, 0.001, 0.001]
09-25 21:52:15 Epoch: 1 [896/2275], Train Loss: 1.4242 Train Acc: 0.4683,247.1 examples/sec 0.26 sec/batch
