09-25 17:33:28 method: DA
09-25 17:33:28 model_name: cnn_features_1d
09-25 17:33:28 data_name: multi_CWRU
09-25 17:33:28 data_dir: D:\97.mat
09-25 17:33:28 transfer_task: [[0, 1], [3]]
09-25 17:33:28 normlizetype: mean-std
09-25 17:33:28 cuda_device: 0
09-25 17:33:28 checkpoint_dir: .\checkpoint
09-25 17:33:28 pretrained: False
09-25 17:33:28 batch_size: 64
09-25 17:33:28 num_workers: 0
09-25 17:33:28 bottleneck: True
09-25 17:33:28 bottleneck_num: 256
09-25 17:33:28 last_batch: False
09-25 17:33:28 distance_metric: False
09-25 17:33:28 distance_loss: MK-MMD
09-25 17:33:28 trade_off_distance: Step
09-25 17:33:28 lam_distance: 1
09-25 17:33:28 domain_adversarial: False
09-25 17:33:28 adversarial_loss: CDA+E
09-25 17:33:28 hidden_size: 1024
09-25 17:33:28 trade_off_adversarial: Step
09-25 17:33:28 lam_adversarial: 1
09-25 17:33:28 opt: adam
09-25 17:33:28 lr: 0.001
09-25 17:33:28 momentum: 0.9
09-25 17:33:28 weight_decay: 1e-05
09-25 17:33:28 lr_scheduler: step
09-25 17:33:28 gamma: 0.1
09-25 17:33:28 steps: 150, 250
09-25 17:33:28 middle_epoch: 50
09-25 17:33:28 max_epoch: 300
09-25 17:33:28 print_step: 50
09-25 17:33:28 using 1 cpu
