09-25 21:52:23 method: DA
09-25 21:52:23 model_name: cnn_features_1d
09-25 21:52:23 data_name: multi_CWRU
09-25 21:52:23 data_dir: D:\Data\西储大学轴承数据中心网站
09-25 21:52:23 transfer_task: [[0, 1], [3]]
09-25 21:52:23 normlizetype: mean-std
09-25 21:52:23 cuda_device: 0
09-25 21:52:23 checkpoint_dir: .\checkpoint
09-25 21:52:23 pretrained: False
09-25 21:52:23 batch_size: 64
09-25 21:52:23 num_workers: 0
09-25 21:52:23 bottleneck: True
09-25 21:52:23 bottleneck_num: 256
09-25 21:52:23 last_batch: False
09-25 21:52:23 distance_metric: False
09-25 21:52:23 distance_loss: MK-MMD
09-25 21:52:23 trade_off_distance: Step
09-25 21:52:23 lam_distance: 1
09-25 21:52:23 domain_adversarial: False
09-25 21:52:23 adversarial_loss: CDA+E
09-25 21:52:23 hidden_size: 1024
09-25 21:52:23 trade_off_adversarial: Step
09-25 21:52:23 lam_adversarial: 1
09-25 21:52:23 opt: adam
09-25 21:52:23 lr: 0.001
09-25 21:52:23 momentum: 0.9
09-25 21:52:23 weight_decay: 1e-05
09-25 21:52:23 lr_scheduler: step
09-25 21:52:23 gamma: 0.1
09-25 21:52:23 steps: 150, 250
09-25 21:52:23 middle_epoch: 50
09-25 21:52:23 max_epoch: 5
09-25 21:52:23 print_step: 50
09-25 21:52:23 using 1 cpu
09-25 21:52:24 -----Epoch 0/4-----
09-25 21:52:24 current lr: [0.001, 0.001, 0.001]
09-25 21:52:24 Epoch: 0 [0/2275], Train Loss: 2.6299 Train Acc: 0.0781,237.7 examples/sec 0.27 sec/batch
09-25 21:52:32 Epoch: 0 source_train-Loss: 1.7058 source_train-Acc: 0.3934, Cost 8.3 sec
09-25 21:52:33 Epoch: 0 source_val-Loss: 0.9204 source_val-Acc: 0.7487, Cost 0.9 sec
09-25 21:52:33 Epoch: 0 target_val-Loss: 0.9487 target_val-Acc: 0.7346, Cost 0.5 sec
09-25 21:52:33 -----Epoch 1/4-----
09-25 21:52:33 current lr: [0.001, 0.001, 0.001]
09-25 21:52:37 Epoch: 1 [896/2275], Train Loss: 1.4324 Train Acc: 0.4857,233.6 examples/sec 0.27 sec/batch
09-25 21:52:43 Epoch: 1 source_train-Loss: 0.7098 source_train-Acc: 0.7240, Cost 10.1 sec
09-25 21:52:44 Epoch: 1 source_val-Loss: 0.2941 source_val-Acc: 0.8963, Cost 0.8 sec
09-25 21:52:44 Epoch: 1 target_val-Loss: 0.4558 target_val-Acc: 0.7735, Cost 0.4 sec
09-25 21:52:44 -----Epoch 2/4-----
09-25 21:52:44 current lr: [0.001, 0.001, 0.001]
09-25 21:52:51 Epoch: 2 [1792/2275], Train Loss: 0.4712 Train Acc: 0.8086,231.6 examples/sec 0.27 sec/batch
09-25 21:52:53 Epoch: 2 source_train-Loss: 0.3652 source_train-Acc: 0.8519, Cost 8.2 sec
09-25 21:52:53 Epoch: 2 source_val-Loss: 0.1722 source_val-Acc: 0.9156, Cost 0.7 sec
09-25 21:52:54 Epoch: 2 target_val-Loss: 0.3651 target_val-Acc: 0.8220, Cost 0.4 sec
09-25 21:52:54 -----Epoch 3/4-----
09-25 21:52:54 current lr: [0.001, 0.001, 0.001]
09-25 21:53:02 Epoch: 3 source_train-Loss: 0.2402 source_train-Acc: 0.8989, Cost 8.2 sec
09-25 21:53:03 Epoch: 3 source_val-Loss: 0.1440 source_val-Acc: 0.9402, Cost 0.7 sec
09-25 21:53:03 Epoch: 3 target_val-Loss: 0.1498 target_val-Acc: 0.9709, Cost 0.4 sec
09-25 21:53:03 -----Epoch 4/4-----
09-25 21:53:03 current lr: [0.001, 0.001, 0.001]
09-25 21:53:05 Epoch: 4 [384/2275], Train Loss: 0.2383 Train Acc: 0.9010,231.7 examples/sec 0.27 sec/batch
09-25 21:53:11 Epoch: 4 source_train-Loss: 0.1678 source_train-Acc: 0.9336, Cost 8.4 sec
09-25 21:53:12 Epoch: 4 source_val-Loss: 0.0532 source_val-Acc: 0.9859, Cost 0.7 sec
09-25 21:53:12 Epoch: 4 target_val-Loss: 0.2160 target_val-Acc: 0.8997, Cost 0.4 sec
