09-25 22:30:18 method: DA
09-25 22:30:18 model_name: cnn_features_1d
09-25 22:30:18 data_name: multi_CWRU
09-25 22:30:18 data_dir: D:\Data\西储大学轴承数据中心网站
09-25 22:30:18 transfer_task: [[0, 1], [3]]
09-25 22:30:18 normlizetype: mean-std
09-25 22:30:18 cuda_device: 0
09-25 22:30:18 checkpoint_dir: .\checkpoint
09-25 22:30:18 pretrained: False
09-25 22:30:18 batch_size: 64
09-25 22:30:18 num_workers: 0
09-25 22:30:18 bottleneck: True
09-25 22:30:18 bottleneck_num: 256
09-25 22:30:18 last_batch: False
09-25 22:30:18 distance_metric: False
09-25 22:30:18 distance_loss: MK-MMD
09-25 22:30:18 trade_off_distance: Step
09-25 22:30:18 lam_distance: 1
09-25 22:30:18 domain_adversarial: False
09-25 22:30:18 adversarial_loss: CDA+E
09-25 22:30:18 hidden_size: 1024
09-25 22:30:18 trade_off_adversarial: Step
09-25 22:30:18 lam_adversarial: 1
09-25 22:30:18 opt: adam
09-25 22:30:18 lr: 0.001
09-25 22:30:18 momentum: 0.9
09-25 22:30:18 weight_decay: 1e-05
09-25 22:30:18 lr_scheduler: step
09-25 22:30:18 gamma: 0.1
09-25 22:30:18 steps: 150, 250
09-25 22:30:18 middle_epoch: 1
09-25 22:30:18 max_epoch: 2
09-25 22:30:18 print_step: 50
09-25 22:30:18 using 1 cpu
09-25 22:30:18 -----Epoch 0/1-----
09-25 22:30:18 current lr: [0.001, 0.001, 0.001]
09-25 22:30:19 Epoch: 0 [0/2275], Train Loss: 2.3791 Train Acc: 0.0781,233.3 examples/sec 0.27 sec/batch
09-25 22:30:27 Epoch: 0 source_train-Loss: 1.7190 source_train-Acc: 0.3767, Cost 8.5 sec
09-25 22:30:27 Epoch: 0 source_val-Loss: 1.0906 source_val-Acc: 0.6854, Cost 0.7 sec
09-25 22:30:28 Epoch: 0 target_val-Loss: 1.0512 target_val-Acc: 0.6699, Cost 0.4 sec
09-25 22:30:28 -----Epoch 1/1-----
09-25 22:30:28 current lr: [0.001, 0.001, 0.001]
09-25 22:30:33 Epoch: 1 [896/2275], Train Loss: 1.4889 Train Acc: 0.4566,216.8 examples/sec 0.29 sec/batch
09-25 22:30:40 Epoch: 1 source_train-Loss: 0.7525 source_train-Acc: 0.7143, Cost 12.6 sec
09-25 22:30:41 Epoch: 1 source_val-Loss: 0.2662 source_val-Acc: 0.8998, Cost 0.7 sec
09-25 22:30:41 Epoch: 1 target_val-Loss: 0.5425 target_val-Acc: 0.8026, Cost 0.4 sec
09-25 22:30:41 save best model epoch 1, acc 0.8026
