09-25 21:59:24 method: DA
09-25 21:59:24 model_name: cnn_features_1d
09-25 21:59:24 data_name: multi_CWRU
09-25 21:59:24 data_dir: D:\Data\西储大学轴承数据中心网站
09-25 21:59:24 transfer_task: [[0, 1], [3]]
09-25 21:59:24 normlizetype: mean-std
09-25 21:59:24 cuda_device: 0
09-25 21:59:24 checkpoint_dir: .\checkpoint
09-25 21:59:24 pretrained: False
09-25 21:59:24 batch_size: 64
09-25 21:59:24 num_workers: 0
09-25 21:59:24 bottleneck: True
09-25 21:59:24 bottleneck_num: 256
09-25 21:59:24 last_batch: False
09-25 21:59:24 distance_metric: False
09-25 21:59:24 distance_loss: MK-MMD
09-25 21:59:24 trade_off_distance: Step
09-25 21:59:24 lam_distance: 1
09-25 21:59:24 domain_adversarial: False
09-25 21:59:24 adversarial_loss: CDA+E
09-25 21:59:24 hidden_size: 1024
09-25 21:59:24 trade_off_adversarial: Step
09-25 21:59:24 lam_adversarial: 1
09-25 21:59:24 opt: adam
09-25 21:59:24 lr: 0.001
09-25 21:59:24 momentum: 0.9
09-25 21:59:24 weight_decay: 1e-05
09-25 21:59:24 lr_scheduler: step
09-25 21:59:24 gamma: 0.1
09-25 21:59:24 steps: 150, 250
09-25 21:59:24 middle_epoch: 50
09-25 21:59:24 max_epoch: 2
09-25 21:59:24 print_step: 50
09-25 21:59:24 using 1 cpu
09-25 21:59:24 -----Epoch 0/1-----
09-25 21:59:24 current lr: [0.001, 0.001, 0.001]
09-25 21:59:24 Epoch: 0 [0/2275], Train Loss: 2.6385 Train Acc: 0.0938,249.9 examples/sec 0.26 sec/batch
09-25 21:59:32 Epoch: 0 source_train-Loss: 1.7335 source_train-Acc: 0.3697, Cost 8.2 sec
09-25 21:59:33 Epoch: 0 source_val-Loss: 1.1089 source_val-Acc: 0.6573, Cost 0.7 sec
09-25 21:59:33 Epoch: 0 target_val-Loss: 1.1045 target_val-Acc: 0.6764, Cost 0.4 sec
09-25 21:59:33 -----Epoch 1/1-----
09-25 21:59:33 current lr: [0.001, 0.001, 0.001]
09-25 21:59:37 Epoch: 1 [896/2275], Train Loss: 1.5262 Train Acc: 0.4431,255.2 examples/sec 0.25 sec/batch
09-25 21:59:42 Epoch: 1 source_train-Loss: 0.8389 source_train-Acc: 0.6778, Cost 8.1 sec
09-25 21:59:42 Epoch: 1 source_val-Loss: 0.3465 source_val-Acc: 0.8155, Cost 0.7 sec
09-25 21:59:43 Epoch: 1 target_val-Loss: 0.5053 target_val-Acc: 0.7832, Cost 0.4 sec
