09-25 22:01:44 method: DA
09-25 22:01:44 model_name: cnn_features_1d
09-25 22:01:44 data_name: multi_CWRU
09-25 22:01:44 data_dir: D:\Data\西储大学轴承数据中心网站
09-25 22:01:44 transfer_task: [[0, 1], [3]]
09-25 22:01:44 normlizetype: mean-std
09-25 22:01:44 cuda_device: 0
09-25 22:01:44 checkpoint_dir: .\checkpoint
09-25 22:01:44 pretrained: False
09-25 22:01:44 batch_size: 64
09-25 22:01:44 num_workers: 0
09-25 22:01:44 bottleneck: True
09-25 22:01:44 bottleneck_num: 256
09-25 22:01:44 last_batch: False
09-25 22:01:44 distance_metric: False
09-25 22:01:44 distance_loss: MK-MMD
09-25 22:01:44 trade_off_distance: Step
09-25 22:01:44 lam_distance: 1
09-25 22:01:44 domain_adversarial: False
09-25 22:01:44 adversarial_loss: CDA+E
09-25 22:01:44 hidden_size: 1024
09-25 22:01:44 trade_off_adversarial: Step
09-25 22:01:44 lam_adversarial: 1
09-25 22:01:44 opt: adam
09-25 22:01:44 lr: 0.001
09-25 22:01:44 momentum: 0.9
09-25 22:01:44 weight_decay: 1e-05
09-25 22:01:44 lr_scheduler: step
09-25 22:01:44 gamma: 0.1
09-25 22:01:44 steps: 150, 250
09-25 22:01:44 middle_epoch: 50
09-25 22:01:44 max_epoch: 2
09-25 22:01:44 print_step: 50
09-25 22:01:44 using 1 cpu
09-25 22:01:44 -----Epoch 0/1-----
09-25 22:01:44 current lr: [0.001, 0.001, 0.001]
09-25 22:01:45 Epoch: 0 [0/2275], Train Loss: 2.6426 Train Acc: 0.0312,244.0 examples/sec 0.26 sec/batch
09-25 22:01:52 Epoch: 0 source_train-Loss: 1.7456 source_train-Acc: 0.3666, Cost 8.1 sec
09-25 22:01:53 Epoch: 0 source_val-Loss: 1.1661 source_val-Acc: 0.6854, Cost 0.7 sec
09-25 22:01:53 Epoch: 0 target_val-Loss: 1.2522 target_val-Acc: 0.5793, Cost 0.4 sec
09-25 22:01:53 -----Epoch 1/1-----
09-25 22:01:53 current lr: [0.001, 0.001, 0.001]
09-25 22:01:57 Epoch: 1 [896/2275], Train Loss: 1.5170 Train Acc: 0.4488,258.7 examples/sec 0.25 sec/batch
09-25 22:02:02 Epoch: 1 source_train-Loss: 0.8590 source_train-Acc: 0.6725, Cost 8.1 sec
09-25 22:02:02 Epoch: 1 source_val-Loss: 0.3382 source_val-Acc: 0.9244, Cost 0.7 sec
09-25 22:02:03 Epoch: 1 target_val-Loss: 0.5564 target_val-Acc: 0.8058, Cost 0.4 sec
