09-25 22:02:33 method: DA
09-25 22:02:33 model_name: cnn_features_1d
09-25 22:02:33 data_name: multi_CWRU
09-25 22:02:33 data_dir: D:\Data\西储大学轴承数据中心网站
09-25 22:02:33 transfer_task: [[0, 1], [3]]
09-25 22:02:33 normlizetype: mean-std
09-25 22:02:33 cuda_device: 0
09-25 22:02:33 checkpoint_dir: .\checkpoint
09-25 22:02:33 pretrained: False
09-25 22:02:33 batch_size: 64
09-25 22:02:33 num_workers: 0
09-25 22:02:33 bottleneck: True
09-25 22:02:33 bottleneck_num: 256
09-25 22:02:33 last_batch: False
09-25 22:02:33 distance_metric: False
09-25 22:02:33 distance_loss: MK-MMD
09-25 22:02:33 trade_off_distance: Step
09-25 22:02:33 lam_distance: 1
09-25 22:02:33 domain_adversarial: False
09-25 22:02:33 adversarial_loss: CDA+E
09-25 22:02:33 hidden_size: 1024
09-25 22:02:33 trade_off_adversarial: Step
09-25 22:02:33 lam_adversarial: 1
09-25 22:02:33 opt: adam
09-25 22:02:33 lr: 0.001
09-25 22:02:33 momentum: 0.9
09-25 22:02:33 weight_decay: 1e-05
09-25 22:02:33 lr_scheduler: step
09-25 22:02:33 gamma: 0.1
09-25 22:02:33 steps: 150, 250
09-25 22:02:33 middle_epoch: 50
09-25 22:02:33 max_epoch: 1
09-25 22:02:33 print_step: 50
09-25 22:02:33 using 1 cpu
09-25 22:02:33 -----Epoch 0/0-----
09-25 22:02:33 current lr: [0.001, 0.001, 0.001]
09-25 22:02:34 Epoch: 0 [0/2275], Train Loss: 2.4907 Train Acc: 0.0781,227.6 examples/sec 0.28 sec/batch
09-25 22:02:42 Epoch: 0 source_train-Loss: 1.6641 source_train-Acc: 0.3987, Cost 8.2 sec
09-25 22:02:42 Epoch: 0 source_val-Loss: 0.9296 source_val-Acc: 0.7188, Cost 0.7 sec
09-25 22:02:43 Epoch: 0 target_val-Loss: 0.9957 target_val-Acc: 0.6602, Cost 0.4 sec
